<?xml version="1.0" encoding="UTF-8"?>
<testng-results skipped="0" failed="1" total="5" passed="4">
  <reporter-output>
  </reporter-output>
  <suite name="Default suite" duration-ms="110" started-at="2019-04-02T10:43:12Z" finished-at="2019-04-02T10:43:12Z">
    <groups>
    </groups>
    <test name="Default test" duration-ms="110" started-at="2019-04-02T10:43:12Z" finished-at="2019-04-02T10:43:12Z">
      <class name="com.clc.java.collection.TestLoginFunctionality">
        <test-method status="PASS" signature="beforeTestExecutions()[pri:0, instance:com.clc.java.collection.TestLoginFunctionality@5afa04c]" name="beforeTestExecutions" is-config="true" duration-ms="19" started-at="2019-04-02T16:13:12Z" finished-at="2019-04-02T16:13:12Z">
          <reporter-output>
          </reporter-output>
        </test-method> <!-- beforeTestExecutions -->
        <test-method status="PASS" signature="verifyInvalidCredentionals(java.lang.String, java.lang.String, java.lang.String)[pri:0, instance:com.clc.java.collection.TestLoginFunctionality@5afa04c]" name="verifyInvalidCredentionals" duration-ms="11" started-at="2019-04-02T16:13:12Z" data-provider="testData" finished-at="2019-04-02T16:13:12Z">
          <params>
            <param index="0">
              <value is-null="true"/>
            </param>
            <param index="1">
              <value is-null="true"/>
            </param>
            <param index="2">
              <value>
                <![CDATA[Username cannot be Empty]]>
              </value>
            </param>
          </params>
          <reporter-output>
          </reporter-output>
        </test-method> <!-- verifyInvalidCredentionals -->
        <test-method status="PASS" signature="verifyInvalidCredentionals(java.lang.String, java.lang.String, java.lang.String)[pri:0, instance:com.clc.java.collection.TestLoginFunctionality@5afa04c]" name="verifyInvalidCredentionals" duration-ms="2" started-at="2019-04-02T16:13:12Z" data-provider="testData" finished-at="2019-04-02T16:13:12Z">
          <params>
            <param index="0">
              <value is-null="true"/>
            </param>
            <param index="1">
              <value>
                <![CDATA[admin123]]>
              </value>
            </param>
            <param index="2">
              <value>
                <![CDATA[Username cannot be Empty]]>
              </value>
            </param>
          </params>
          <reporter-output>
          </reporter-output>
        </test-method> <!-- verifyInvalidCredentionals -->
        <test-method status="PASS" signature="verifyInvalidCredentionals(java.lang.String, java.lang.String, java.lang.String)[pri:0, instance:com.clc.java.collection.TestLoginFunctionality@5afa04c]" name="verifyInvalidCredentionals" duration-ms="2" started-at="2019-04-02T16:13:12Z" data-provider="testData" finished-at="2019-04-02T16:13:12Z">
          <params>
            <param index="0">
              <value>
                <![CDATA[admin123]]>
              </value>
            </param>
            <param index="1">
              <value>
                <![CDATA[admin]]>
              </value>
            </param>
            <param index="2">
              <value>
                <![CDATA[Incorrect credetials..!]]>
              </value>
            </param>
          </params>
          <reporter-output>
          </reporter-output>
        </test-method> <!-- verifyInvalidCredentionals -->
        <test-method status="FAIL" signature="verifyInvalidCredentionals(java.lang.String, java.lang.String, java.lang.String)[pri:0, instance:com.clc.java.collection.TestLoginFunctionality@5afa04c]" name="verifyInvalidCredentionals" duration-ms="6" started-at="2019-04-02T16:13:12Z" data-provider="testData" finished-at="2019-04-02T16:13:12Z">
          <params>
            <param index="0">
              <value>
                <![CDATA[admiaaa]]>
              </value>
            </param>
            <param index="1">
              <value>
                <![CDATA[admi]]>
              </value>
            </param>
            <param index="2">
              <value>
                <![CDATA[Username cannot be Empty]]>
              </value>
            </param>
          </params>
          <exception class="java.lang.AssertionError">
            <message>
              <![CDATA[expected [Username cannot be Empty] but found [Password cannot be Empty]]]>
            </message>
            <full-stacktrace>
              <![CDATA[java.lang.AssertionError: expected [Username cannot be Empty] but found [Password cannot be Empty]
	at org.testng.Assert.fail(Assert.java:94)
	at org.testng.Assert.failNotEquals(Assert.java:513)
	at org.testng.Assert.assertEqualsImpl(Assert.java:135)
	at org.testng.Assert.assertEquals(Assert.java:116)
	at org.testng.Assert.assertEquals(Assert.java:190)
	at org.testng.Assert.assertEquals(Assert.java:200)
	at com.clc.java.collection.TestLoginFunctionality.verifyInvalidCredentionals(TestLoginFunctionality.java:54)
	at sun.reflect.NativeMethodAccessorImpl.invoke0(Native Method)
	at sun.reflect.NativeMethodAccessorImpl.invoke(NativeMethodAccessorImpl.java:62)
	at sun.reflect.DelegatingMethodAccessorImpl.invoke(DelegatingMethodAccessorImpl.java:43)
	at java.lang.reflect.Method.invoke(Method.java:498)
	at org.testng.internal.MethodInvocationHelper.invokeMethod(MethodInvocationHelper.java:86)
	at org.testng.internal.Invoker.invokeMethod(Invoker.java:643)
	at org.testng.internal.Invoker.invokeTestMethod(Invoker.java:820)
	at org.testng.internal.Invoker.invokeTestMethods(Invoker.java:1128)
	at org.testng.internal.TestMethodWorker.invokeTestMethods(TestMethodWorker.java:129)
	at org.testng.internal.TestMethodWorker.run(TestMethodWorker.java:112)
	at org.testng.TestRunner.privateRun(TestRunner.java:782)
	at org.testng.TestRunner.run(TestRunner.java:632)
	at org.testng.SuiteRunner.runTest(SuiteRunner.java:366)
	at org.testng.SuiteRunner.runSequentially(SuiteRunner.java:361)
	at org.testng.SuiteRunner.privateRun(SuiteRunner.java:319)
	at org.testng.SuiteRunner.run(SuiteRunner.java:268)
	at org.testng.SuiteRunnerWorker.runSuite(SuiteRunnerWorker.java:52)
	at org.testng.SuiteRunnerWorker.run(SuiteRunnerWorker.java:86)
	at org.testng.TestNG.runSuitesSequentially(TestNG.java:1244)
	at org.testng.TestNG.runSuitesLocally(TestNG.java:1169)
	at org.testng.TestNG.run(TestNG.java:1064)
	at org.testng.remote.AbstractRemoteTestNG.run(AbstractRemoteTestNG.java:126)
	at org.testng.remote.RemoteTestNG.initAndRun(RemoteTestNG.java:152)
	at org.testng.remote.RemoteTestNG.main(RemoteTestNG.java:57)
]]>
            </full-stacktrace>
          </exception> <!-- java.lang.AssertionError -->
          <reporter-output>
          </reporter-output>
        </test-method> <!-- verifyInvalidCredentionals -->
        <test-method status="PASS" signature="verifyInvalidCredentionals(java.lang.String, java.lang.String, java.lang.String)[pri:0, instance:com.clc.java.collection.TestLoginFunctionality@5afa04c]" name="verifyInvalidCredentionals" duration-ms="13" started-at="2019-04-02T16:13:12Z" data-provider="testData" finished-at="2019-04-02T16:13:12Z">
          <params>
            <param index="0">
              <value>
                <![CDATA[admin]]>
              </value>
            </param>
            <param index="1">
              <value>
                <![CDATA[admin123]]>
              </value>
            </param>
            <param index="2">
              <value>
                <![CDATA[User Logged in Successfully...!]]>
              </value>
            </param>
          </params>
          <reporter-output>
          </reporter-output>
        </test-method> <!-- verifyInvalidCredentionals -->
      </class> <!-- com.clc.java.collection.TestLoginFunctionality -->
    </test> <!-- Default test -->
  </suite> <!-- Default suite -->
</testng-results>
